[debug] [2025-04-16T01:18:55.722Z] ----------------------------------------------------------------------
[debug] [2025-04-16T01:18:55.731Z] Command:       C:\Program Files\nodejs\node.exe C:\Users\ADMIN\AppData\Roaming\npm\node_modules\firebase-tools\lib\bin\firebase.js init
[debug] [2025-04-16T01:18:55.733Z] CLI Version:   14.1.0
[debug] [2025-04-16T01:18:55.733Z] Platform:      win32
[debug] [2025-04-16T01:18:55.734Z] Node Version:  v22.12.0
[debug] [2025-04-16T01:18:55.735Z] Time:          Wed Apr 16 2025 04:18:55 GMT+0300 (East Africa Time)
[debug] [2025-04-16T01:18:55.735Z] ----------------------------------------------------------------------
[debug] 
[debug] [2025-04-16T01:18:55.759Z] > command requires scopes: ["email","openid","https://www.googleapis.com/auth/cloudplatformprojects.readonly","https://www.googleapis.com/auth/firebase","https://www.googleapis.com/auth/cloud-platform"]
[debug] [2025-04-16T01:18:55.761Z] > authorizing via signed-in user (sammyonyi96@gmail.com)
[info] 
     ######## #### ########  ######## ########     ###     ######  ########
     ##        ##  ##     ## ##       ##     ##  ##   ##  ##       ##
     ######    ##  ########  ######   ########  #########  ######  ######
     ##        ##  ##    ##  ##       ##     ## ##     ##       ## ##
     ##       #### ##     ## ######## ########  ##     ##  ######  ########

You're about to initialize a Firebase project in this directory:

  C:\Users\ADMIN\Documents\lakliech-devs

[info] 
=== Project Setup
[info] 
[info] First, let's associate this project directory with a Firebase project.
[info] You can create multiple project aliases by running firebase use --add, 
[info] but for now we'll just set up a default project.
[info] 
[debug] [2025-04-16T01:19:49.133Z] Checked if tokens are valid: false, expires at: 1743959243287
[debug] [2025-04-16T01:19:49.134Z] Checked if tokens are valid: false, expires at: 1743959243287
[debug] [2025-04-16T01:19:49.134Z] > refreshing access token with scopes: []
[debug] [2025-04-16T01:19:49.139Z] >>> [apiv2][query] POST https://www.googleapis.com/oauth2/v3/token [none]
[debug] [2025-04-16T01:19:49.140Z] >>> [apiv2][body] POST https://www.googleapis.com/oauth2/v3/token [omitted]
[debug] [2025-04-16T01:19:49.606Z] <<< [apiv2][status] POST https://www.googleapis.com/oauth2/v3/token 200
[debug] [2025-04-16T01:19:49.607Z] <<< [apiv2][body] POST https://www.googleapis.com/oauth2/v3/token [omitted]
[debug] [2025-04-16T01:19:49.626Z] >>> [apiv2][query] GET https://firebase.googleapis.com/v1beta1/projects pageSize=100
[debug] [2025-04-16T01:19:50.281Z] <<< [apiv2][status] GET https://firebase.googleapis.com/v1beta1/projects 200
[debug] [2025-04-16T01:19:50.281Z] <<< [apiv2][body] GET https://firebase.googleapis.com/v1beta1/projects [omitted]
[info] i  Using project vite-9aa92 (developer-website) 
[info] 
=== Firestore Setup
[debug] [2025-04-16T01:20:00.916Z] Checked if tokens are valid: true, expires at: 1744769988607
[debug] [2025-04-16T01:20:00.916Z] Checked if tokens are valid: true, expires at: 1744769988607
[debug] [2025-04-16T01:20:00.916Z] >>> [apiv2][query] GET https://serviceusage.googleapis.com/v1/projects/vite-9aa92/services/firestore.googleapis.com [none]
[debug] [2025-04-16T01:20:00.917Z] >>> [apiv2][(partial)header] GET https://serviceusage.googleapis.com/v1/projects/vite-9aa92/services/firestore.googleapis.com x-goog-quota-user=projects/vite-9aa92
[debug] [2025-04-16T01:20:02.709Z] <<< [apiv2][status] GET https://serviceusage.googleapis.com/v1/projects/vite-9aa92/services/firestore.googleapis.com 200
[debug] [2025-04-16T01:20:02.710Z] <<< [apiv2][body] GET https://serviceusage.googleapis.com/v1/projects/vite-9aa92/services/firestore.googleapis.com [omitted]
[debug] [2025-04-16T01:20:02.712Z] Checked if tokens are valid: true, expires at: 1744769988607
[debug] [2025-04-16T01:20:02.712Z] Checked if tokens are valid: true, expires at: 1744769988607
[debug] [2025-04-16T01:20:02.713Z] >>> [apiv2][query] GET https://firestore.googleapis.com/v1/projects/vite-9aa92/databases/(default) [none]
[debug] [2025-04-16T01:20:04.284Z] <<< [apiv2][status] GET https://firestore.googleapis.com/v1/projects/vite-9aa92/databases/(default) 200
[debug] [2025-04-16T01:20:04.285Z] <<< [apiv2][body] GET https://firestore.googleapis.com/v1/projects/vite-9aa92/databases/(default) {"name":"projects/vite-9aa92/databases/(default)","uid":"5d1cf7f8-62b3-4409-84c4-2f5ea8e5c5d6","createTime":"2025-04-16T01:02:12.298475Z","updateTime":"2025-04-16T01:02:12.298475Z","locationId":"nam5","type":"FIRESTORE_NATIVE","concurrencyMode":"PESSIMISTIC","versionRetentionPeriod":"3600s","earliestVersionTime":"2025-04-16T01:02:12.298475Z","appEngineIntegrationMode":"DISABLED","keyPrefix":"s","pointInTimeRecoveryEnablement":"POINT_IN_TIME_RECOVERY_DISABLED","deleteProtectionState":"DELETE_PROTECTION_DISABLED","databaseEdition":"STANDARD","freeTier":true,"etag":"ILPWpa6x24wDMPH94KSu24wD"}
[debug] [2025-04-16T01:20:04.285Z] database_type: FIRESTORE_NATIVE
[debug] [2025-04-16T01:20:04.286Z] database_type: FIRESTORE_NATIVE
[debug] [2025-04-16T01:20:04.287Z] > command requires scopes: ["email","openid","https://www.googleapis.com/auth/cloudplatformprojects.readonly","https://www.googleapis.com/auth/firebase","https://www.googleapis.com/auth/cloud-platform"]
[debug] [2025-04-16T01:20:04.287Z] > authorizing via signed-in user (sammyonyi96@gmail.com)
[debug] [2025-04-16T01:20:04.288Z] [iam] checking project vite-9aa92 for permissions ["firebase.projects.get"]
[debug] [2025-04-16T01:20:04.289Z] Checked if tokens are valid: true, expires at: 1744769988607
[debug] [2025-04-16T01:20:04.289Z] Checked if tokens are valid: true, expires at: 1744769988607
[debug] [2025-04-16T01:20:04.290Z] >>> [apiv2][query] POST https://cloudresourcemanager.googleapis.com/v1/projects/vite-9aa92:testIamPermissions [none]
[debug] [2025-04-16T01:20:04.290Z] >>> [apiv2][(partial)header] POST https://cloudresourcemanager.googleapis.com/v1/projects/vite-9aa92:testIamPermissions x-goog-quota-user=projects/vite-9aa92
[debug] [2025-04-16T01:20:04.290Z] >>> [apiv2][body] POST https://cloudresourcemanager.googleapis.com/v1/projects/vite-9aa92:testIamPermissions {"permissions":["firebase.projects.get"]}
[debug] [2025-04-16T01:20:05.931Z] <<< [apiv2][status] POST https://cloudresourcemanager.googleapis.com/v1/projects/vite-9aa92:testIamPermissions 200
[debug] [2025-04-16T01:20:05.932Z] <<< [apiv2][body] POST https://cloudresourcemanager.googleapis.com/v1/projects/vite-9aa92:testIamPermissions {"permissions":["firebase.projects.get"]}
[info] 
[info] Firestore Security Rules allow you to define how and when to allow
[info] requests. You can keep these rules in your project directory
[info] and publish them with firebase deploy.
[info] 
[debug] [2025-04-16T01:20:19.522Z] Checked if tokens are valid: true, expires at: 1744769988607
[debug] [2025-04-16T01:20:19.523Z] Checked if tokens are valid: true, expires at: 1744769988607
[debug] [2025-04-16T01:20:19.524Z] >>> [apiv2][query] GET https://firebaserules.googleapis.com/v1/projects/vite-9aa92/releases pageSize=10&pageToken=
[debug] [2025-04-16T01:20:20.683Z] <<< [apiv2][status] GET https://firebaserules.googleapis.com/v1/projects/vite-9aa92/releases 200
[debug] [2025-04-16T01:20:20.684Z] <<< [apiv2][body] GET https://firebaserules.googleapis.com/v1/projects/vite-9aa92/releases {"releases":[{"name":"projects/vite-9aa92/releases/cloud.firestore","rulesetName":"projects/vite-9aa92/rulesets/f41cf590-ff1c-444d-945a-c753c85812bd","createTime":"2025-04-16T01:02:17.541475Z","updateTime":"2025-04-16T01:08:52.472951Z"}]}
[debug] [2025-04-16T01:20:20.685Z] Found ruleset: projects/vite-9aa92/rulesets/f41cf590-ff1c-444d-945a-c753c85812bd
[debug] [2025-04-16T01:20:20.685Z] Checked if tokens are valid: true, expires at: 1744769988607
[debug] [2025-04-16T01:20:20.685Z] Checked if tokens are valid: true, expires at: 1744769988607
[debug] [2025-04-16T01:20:20.686Z] >>> [apiv2][query] GET https://firebaserules.googleapis.com/v1/projects/vite-9aa92/rulesets/f41cf590-ff1c-444d-945a-c753c85812bd [none]
[debug] [2025-04-16T01:20:21.082Z] <<< [apiv2][status] GET https://firebaserules.googleapis.com/v1/projects/vite-9aa92/rulesets/f41cf590-ff1c-444d-945a-c753c85812bd 200
[debug] [2025-04-16T01:20:21.082Z] <<< [apiv2][body] GET https://firebaserules.googleapis.com/v1/projects/vite-9aa92/rulesets/f41cf590-ff1c-444d-945a-c753c85812bd [omitted]
[info] 
[info] Firestore indexes allow you to perform complex queries while
[info] maintaining performance that scales with the size of the result
[info] set. You can keep index definitions in your project directory
[info] and publish them with firebase deploy.
[info] 
[debug] [2025-04-16T01:20:33.722Z] Checked if tokens are valid: true, expires at: 1744769988607
[debug] [2025-04-16T01:20:33.723Z] Checked if tokens are valid: true, expires at: 1744769988607
[debug] [2025-04-16T01:20:33.723Z] Checked if tokens are valid: true, expires at: 1744769988607
[debug] [2025-04-16T01:20:33.724Z] Checked if tokens are valid: true, expires at: 1744769988607
[debug] [2025-04-16T01:20:33.724Z] >>> [apiv2][query] GET https://firestore.googleapis.com/v1/projects/vite-9aa92/databases/(default)/collectionGroups/-/indexes [none]
[debug] [2025-04-16T01:20:33.729Z] >>> [apiv2][query] GET https://firestore.googleapis.com/v1/projects/vite-9aa92/databases/(default)/collectionGroups/-/fields?filter=indexConfig.usesAncestorConfig=false OR ttlConfig:* [none]
[debug] [2025-04-16T01:20:35.259Z] <<< [apiv2][status] GET https://firestore.googleapis.com/v1/projects/vite-9aa92/databases/(default)/collectionGroups/-/fields?filter=indexConfig.usesAncestorConfig=false OR ttlConfig:* 200
[debug] [2025-04-16T01:20:35.260Z] <<< [apiv2][body] GET https://firestore.googleapis.com/v1/projects/vite-9aa92/databases/(default)/collectionGroups/-/fields?filter=indexConfig.usesAncestorConfig=false OR ttlConfig:* {"fields":[{"name":"projects/vite-9aa92/databases/(default)/collectionGroups/__default__/fields/*","indexConfig":{"indexes":[{"queryScope":"COLLECTION","fields":[{"fieldPath":"*","order":"ASCENDING"}],"state":"READY"},{"queryScope":"COLLECTION","fields":[{"fieldPath":"*","order":"DESCENDING"}],"state":"READY"},{"queryScope":"COLLECTION","fields":[{"fieldPath":"*","arrayConfig":"CONTAINS"}],"state":"READY"}]}}]}
[debug] [2025-04-16T01:20:35.270Z] <<< [apiv2][status] GET https://firestore.googleapis.com/v1/projects/vite-9aa92/databases/(default)/collectionGroups/-/indexes 200
[debug] [2025-04-16T01:20:35.271Z] <<< [apiv2][body] GET https://firestore.googleapis.com/v1/projects/vite-9aa92/databases/(default)/collectionGroups/-/indexes {}
[info] 
=== Apphosting Setup
[debug] [2025-04-16T01:20:35.280Z] Checked if tokens are valid: true, expires at: 1744769988607
[debug] [2025-04-16T01:20:35.281Z] Checked if tokens are valid: true, expires at: 1744769988607
[debug] [2025-04-16T01:20:35.282Z] >>> [apiv2][query] GET https://cloudbilling.googleapis.com/v1/projects/vite-9aa92/billingInfo [none]
[debug] [2025-04-16T01:20:36.002Z] <<< [apiv2][status] GET https://cloudbilling.googleapis.com/v1/projects/vite-9aa92/billingInfo 200
[debug] [2025-04-16T01:20:36.002Z] <<< [apiv2][body] GET https://cloudbilling.googleapis.com/v1/projects/vite-9aa92/billingInfo {"name":"projects/vite-9aa92/billingInfo","projectId":"vite-9aa92","billingAccountName":"","billingEnabled":false}
[info] i  Writing default settings to apphosting.yaml... 
[info] +  Wrote apphosting.yaml 
[info] +  Create a new App Hosting backend with `firebase apphosting:backends:create` 
[info] 
=== Hosting Setup
[debug] [2025-04-16T01:20:36.022Z] Checked if tokens are valid: true, expires at: 1744769988607
[debug] [2025-04-16T01:20:36.022Z] Checked if tokens are valid: true, expires at: 1744769988607
[debug] [2025-04-16T01:20:36.023Z] >>> [apiv2][query] GET https://firebase.googleapis.com/v1beta1/projects/vite-9aa92 [none]
[debug] [2025-04-16T01:20:36.467Z] <<< [apiv2][status] GET https://firebase.googleapis.com/v1beta1/projects/vite-9aa92 200
[debug] [2025-04-16T01:20:36.468Z] <<< [apiv2][body] GET https://firebase.googleapis.com/v1beta1/projects/vite-9aa92 {"projectId":"vite-9aa92","projectNumber":"739936214897","displayName":"developer-website","name":"projects/vite-9aa92","resources":{"hostingSite":"vite-9aa92"},"state":"ACTIVE","etag":"1_c0b5fe56-a477-4b02-b3f7-bdd1f973c11f"}
[info] 
[info] Your public directory is the folder (relative to your project directory) that
[info] will contain Hosting assets to be uploaded with firebase deploy. If you
[info] have a build process for your assets, use your build's output directory.
[info] 
[info] +  Wrote public/404.html 
[debug] [2025-04-16T01:21:14.102Z] >>> [apiv2][query] GET https://www.gstatic.com/firebasejs/releases.json [none]
[debug] [2025-04-16T01:21:14.333Z] <<< [apiv2][status] GET https://www.gstatic.com/firebasejs/releases.json 200
[debug] [2025-04-16T01:21:14.334Z] <<< [apiv2][body] GET https://www.gstatic.com/firebasejs/releases.json {"current":{"version":"11.6.0","browserURL":"https://www.gstatic.com/firebasejs/11.6.0/firebase.js","packageURL":"https://www.gstatic.com/firebasejs/11.6.0/firebase.tgz"},"live":{"version":"11.6","browserURL":"https://www.gstatic.com/firebasejs/live/11.6/firebase.js","packageURL":"https://www.gstatic.com/firebasejs/live/11.6/firebase.tgz"},"components":{"analytics":"https://www.gstatic.com/firebasejs/11.6.0/firebase-analytics.js","app":"https://www.gstatic.com/firebasejs/11.6.0/firebase-app.js","app-check":"https://www.gstatic.com/firebasejs/11.6.0/firebase-app-check.js","auth":"https://www.gstatic.com/firebasejs/11.6.0/firebase-auth.js","auth/cordova":"https://www.gstatic.com/firebasejs/11.6.0/firebase-auth/cordova.js","auth/web-extension":"https://www.gstatic.com/firebasejs/11.6.0/firebase-auth/web-extension.js","functions":"https://www.gstatic.com/firebasejs/11.6.0/firebase-functions.js","firestore":"https://www.gstatic.com/firebasejs/11.6.0/firebase-firestore.js","firestore/lite":"https://www.gstatic.com/firebasejs/11.6.0/firebase-firestore/lite.js","installations":"https://www.gstatic.com/firebasejs/11.6.0/firebase-installations.js","storage":"https://www.gstatic.com/firebasejs/11.6.0/firebase-storage.js","performance":"https://www.gstatic.com/firebasejs/11.6.0/firebase-performance.js","remote-config":"https://www.gstatic.com/firebasejs/11.6.0/firebase-remote-config.js","messaging":"https://www.gstatic.com/firebasejs/11.6.0/firebase-messaging.js","messaging/sw":"https://www.gstatic.com/firebasejs/11.6.0/firebase-messaging/sw.js","database":"https://www.gstatic.com/firebasejs/11.6.0/firebase-database.js","vertexai":"https://www.gstatic.com/firebasejs/11.6.0/firebase-vertexai.js","data-connect":"https://www.gstatic.com/firebasejs/11.6.0/firebase-data-connect.js","firestore.memory":"https://www.gstatic.com/firebasejs/11.6.0/firebase-firestore.memory.js"}}
[info] +  Wrote public/index.html 
[info] 
[info] i  Didn't detect a .git folder. Assuming C:\Users\ADMIN\Documents\lakliech-devs is the project root. 
[info] i  Authorizing with GitHub to upload your service account to a GitHub repository's secrets store. 
[info] 
[info] Visit this URL on this device to log in:
[info] https://github.com/login/oauth/authorize?client_id=89cf50f02ac6aaed3484&state=2056116&redirect_uri=http%3A%2F%2Flocalhost%3A9005&scope=read%3Auser%20repo%20public_repo
[info] 
[info] Waiting for authentication...
[debug] [2025-04-16T01:21:48.227Z] >>> [apiv2][query] POST https://github.com/login/oauth/access_token [none]
[debug] [2025-04-16T01:21:48.228Z] >>> [apiv2][body] POST https://github.com/login/oauth/access_token [stream]
[debug] [2025-04-16T01:21:48.757Z] <<< [apiv2][status] POST https://github.com/login/oauth/access_token 200
[debug] [2025-04-16T01:21:48.757Z] <<< [apiv2][body] POST https://github.com/login/oauth/access_token {"access_token":"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","token_type":"bearer","scope":"read:user,repo"}
[debug] [2025-04-16T01:21:48.773Z] >>> [apiv2][query] GET https://api.github.com/user [none]
[debug] [2025-04-16T01:21:49.377Z] <<< [apiv2][status] GET https://api.github.com/user 200
[debug] [2025-04-16T01:21:49.378Z] <<< [apiv2][body] GET https://api.github.com/user {"login":"lakliech-devs","id":199555106,"node_id":"U_kgDOC-T4Ig","avatar_url":"https://avatars.githubusercontent.com/u/199555106?v=4","gravatar_id":"","url":"https://api.github.com/users/lakliech-devs","html_url":"https://github.com/lakliech-devs","followers_url":"https://api.github.com/users/lakliech-devs/followers","following_url":"https://api.github.com/users/lakliech-devs/following{/other_user}","gists_url":"https://api.github.com/users/lakliech-devs/gists{/gist_id}","starred_url":"https://api.github.com/users/lakliech-devs/starred{/owner}{/repo}","subscriptions_url":"https://api.github.com/users/lakliech-devs/subscriptions","organizations_url":"https://api.github.com/users/lakliech-devs/orgs","repos_url":"https://api.github.com/users/lakliech-devs/repos","events_url":"https://api.github.com/users/lakliech-devs/events{/privacy}","received_events_url":"https://api.github.com/users/lakliech-devs/received_events","type":"User","user_view_type":"private","site_admin":false,"name":null,"company":null,"blog":"","location":null,"email":null,"hireable":null,"bio":null,"twitter_username":null,"notification_email":null,"public_repos":6,"public_gists":0,"followers":0,"following":0,"created_at":"2025-02-17T04:54:17Z","updated_at":"2025-02-21T16:12:51Z","private_gists":0,"total_private_repos":0,"owned_private_repos":0,"disk_usage":92,"collaborators":0,"two_factor_authentication":false,"plan":{"name":"free","space":976562499,"collaborators":0,"private_repos":10000}}
[info] 
[info] +  Success! Logged into GitHub as lakliech-devs 
[info] 
[debug] [2025-04-16T01:22:21.178Z] >>> [apiv2][query] GET https://api.github.com/repos//actions/secrets/public-key type=owner
[debug] [2025-04-16T01:22:21.689Z] <<< [apiv2][status] GET https://api.github.com/repos//actions/secrets/public-key 404
[debug] [2025-04-16T01:22:21.689Z] <<< [apiv2][body] GET https://api.github.com/repos//actions/secrets/public-key {"message":"Not Found","documentation_url":"https://docs.github.com/rest","status":"404"}
[info] 
[info] 
[error] !  The provided authorization cannot be used with this repository. If this repository is in an organization, did you remember to grant access? 
[info] 
[info] i  Action required: Visit this URL to ensure access has been granted to the appropriate organization(s) for the Firebase CLI GitHub OAuth App: 
[info] https://github.com/settings/connections/applications/89cf50f02ac6aaed3484
[info] 
[debug] [2025-04-16T01:22:59.740Z] >>> [apiv2][query] GET https://api.github.com/repos//actions/secrets/public-key type=owner
[debug] [2025-04-16T01:23:00.204Z] <<< [apiv2][status] GET https://api.github.com/repos//actions/secrets/public-key 404
[debug] [2025-04-16T01:23:00.204Z] <<< [apiv2][body] GET https://api.github.com/repos//actions/secrets/public-key {"message":"Not Found","documentation_url":"https://docs.github.com/rest","status":"404"}
[info] 
[info] 
[error] !  The provided authorization cannot be used with this repository. If this repository is in an organization, did you remember to grant access? 
[info] 
[info] i  Action required: Visit this URL to ensure access has been granted to the appropriate organization(s) for the Firebase CLI GitHub OAuth App: 
[info] https://github.com/settings/connections/applications/89cf50f02ac6aaed3484
[info] 
[debug] [2025-04-16T01:23:01.364Z] >>> [apiv2][query] GET https://api.github.com/repos//actions/secrets/public-key type=owner
[debug] [2025-04-16T01:23:01.683Z] <<< [apiv2][status] GET https://api.github.com/repos//actions/secrets/public-key 404
[debug] [2025-04-16T01:23:01.684Z] <<< [apiv2][body] GET https://api.github.com/repos//actions/secrets/public-key {"message":"Not Found","documentation_url":"https://docs.github.com/rest","status":"404"}
[info] 
[info] 
[error] !  The provided authorization cannot be used with this repository. If this repository is in an organization, did you remember to grant access? 
[info] 
[info] i  Action required: Visit this URL to ensure access has been granted to the appropriate organization(s) for the Firebase CLI GitHub OAuth App: 
[info] https://github.com/settings/connections/applications/89cf50f02ac6aaed3484
[info] 
